C:\USERS\ANKIT\DESKTOP\576\FEATURES\IMAGELIB\DEBUG\WARPIMAGE.OBJ
C:\USERS\ANKIT\DESKTOP\576\FEATURES\IMAGELIB\DEBUG\TRANSFORM.OBJ
C:\USERS\ANKIT\DESKTOP\576\FEATURES\IMAGELIB\DEBUG\REFCNTMEM.OBJ
C:\USERS\ANKIT\DESKTOP\576\FEATURES\IMAGELIB\DEBUG\PYRAMID.OBJ
C:\USERS\ANKIT\DESKTOP\576\FEATURES\IMAGELIB\DEBUG\IMAGE.OBJ
C:\USERS\ANKIT\DESKTOP\576\FEATURES\IMAGELIB\DEBUG\FILEIO.OBJ
C:\USERS\ANKIT\DESKTOP\576\FEATURES\IMAGELIB\DEBUG\CONVOLVE.OBJ
C:\USERS\ANKIT\DESKTOP\576\FEATURES\IMAGELIB\DEBUG\CONVERT.OBJ
C:\USERS\ANKIT\DESKTOP\576\FEATURES\IMAGELIB\DEBUG\VC110.PDB
C:\USERS\ANKIT\DESKTOP\576\FEATURES\IMAGELIB\DEBUG\IMAGELIB.LIB
C:\Users\ankit\Desktop\576\Projects\Project_1\PackageProject_1\FeaturesSkel\ImageLib\Debug\Convert.obj
C:\Users\ankit\Desktop\576\Projects\Project_1\PackageProject_1\FeaturesSkel\ImageLib\Debug\Convolve.obj
C:\Users\ankit\Desktop\576\Projects\Project_1\PackageProject_1\FeaturesSkel\ImageLib\Debug\FileIO.obj
C:\Users\ankit\Desktop\576\Projects\Project_1\PackageProject_1\FeaturesSkel\ImageLib\Debug\Image.obj
C:\Users\ankit\Desktop\576\Projects\Project_1\PackageProject_1\FeaturesSkel\ImageLib\Debug\Pyramid.obj
C:\Users\ankit\Desktop\576\Projects\Project_1\PackageProject_1\FeaturesSkel\ImageLib\Debug\RefCntMem.obj
C:\Users\ankit\Desktop\576\Projects\Project_1\PackageProject_1\FeaturesSkel\ImageLib\Debug\Transform.obj
C:\Users\ankit\Desktop\576\Projects\Project_1\PackageProject_1\FeaturesSkel\ImageLib\Debug\WarpImage.obj
C:\Users\ankit\Desktop\576\Projects\Project_1\PackageProject_1\FeaturesSkel\ImageLib\Debug\cl.command.1.tlog
C:\Users\ankit\Desktop\576\Projects\Project_1\PackageProject_1\FeaturesSkel\ImageLib\Debug\CL.read.1.tlog
C:\Users\ankit\Desktop\576\Projects\Project_1\PackageProject_1\FeaturesSkel\ImageLib\Debug\CL.write.1.tlog
C:\Users\ankit\Desktop\576\Projects\Project_1\PackageProject_1\FeaturesSkel\ImageLib\Debug\Lib-link.read.1.tlog
C:\Users\ankit\Desktop\576\Projects\Project_1\PackageProject_1\FeaturesSkel\ImageLib\Debug\Lib-link.write.1.tlog
C:\Users\ankit\Desktop\576\Projects\Project_1\PackageProject_1\FeaturesSkel\ImageLib\Debug\lib.command.1.tlog
C:\Users\ankit\Desktop\576\Projects\Project_1\PackageProject_1\FeaturesSkel\ImageLib\Debug\vc110.idb
C:\Users\ankit\Desktop\576\Projects\Project_1\PackageProject_1\FeaturesSkel\ImageLib\Debug\vc110.pdb
C:\Users\ankit\Desktop\576\Projects\Project_1\PackageProject_1\FeaturesSkel\ImageLib\.\Debug\ImageLib.lib
