  features.cpp
c:\users\wenzhen\documents\visual studio 2015\projects\packageproject_1\featuresskel\imagelib\Image.h(166): warning C4996: 'strcpy': This function or variable may be unsafe. Consider using strcpy_s instead. To disable deprecation, use _CRT_SECURE_NO_WARNINGS. See online help for details.
  C:\Program Files (x86)\Windows Kits\10\Include\10.0.10240.0\ucrt\string.h(119): note: see declaration of 'strcpy'
c:\users\wenzhen\documents\visual studio 2015\projects\packageproject_1\featuresskel\imagelib\Image.h(167): warning C4996: 'sprintf': This function or variable may be unsafe. Consider using sprintf_s instead. To disable deprecation, use _CRT_SECURE_NO_WARNINGS. See online help for details.
  C:\Program Files (x86)\Windows Kits\10\Include\10.0.10240.0\ucrt\stdio.h(1769): note: see declaration of 'sprintf'
c:\users\wenzhen\documents\visual studio 2015\projects\packageproject_1\featuresskel\imagelib\Image.h(168): warning C4996: 'sprintf': This function or variable may be unsafe. Consider using sprintf_s instead. To disable deprecation, use _CRT_SECURE_NO_WARNINGS. See online help for details.
  C:\Program Files (x86)\Windows Kits\10\Include\10.0.10240.0\ucrt\stdio.h(1769): note: see declaration of 'sprintf'
c:\users\wenzhen\documents\visual studio 2015\projects\packageproject_1\featuresskel\imagelib\Image.h(170): warning C4996: 'sprintf': This function or variable may be unsafe. Consider using sprintf_s instead. To disable deprecation, use _CRT_SECURE_NO_WARNINGS. See online help for details.
  C:\Program Files (x86)\Windows Kits\10\Include\10.0.10240.0\ucrt\stdio.h(1769): note: see declaration of 'sprintf'
c:\users\wenzhen\documents\visual studio 2015\projects\packageproject_1\featuresskel\imagelib\Image.h(172): warning C4996: 'sprintf': This function or variable may be unsafe. Consider using sprintf_s instead. To disable deprecation, use _CRT_SECURE_NO_WARNINGS. See online help for details.
  C:\Program Files (x86)\Windows Kits\10\Include\10.0.10240.0\ucrt\stdio.h(1769): note: see declaration of 'sprintf'
  FeaturesDoc.cpp
c:\users\wenzhen\documents\visual studio 2015\projects\packageproject_1\featuresskel\imagelib\Image.h(166): warning C4996: 'strcpy': This function or variable may be unsafe. Consider using strcpy_s instead. To disable deprecation, use _CRT_SECURE_NO_WARNINGS. See online help for details.
  C:\Program Files (x86)\Windows Kits\10\Include\10.0.10240.0\ucrt\string.h(119): note: see declaration of 'strcpy'
c:\users\wenzhen\documents\visual studio 2015\projects\packageproject_1\featuresskel\imagelib\Image.h(167): warning C4996: 'sprintf': This function or variable may be unsafe. Consider using sprintf_s instead. To disable deprecation, use _CRT_SECURE_NO_WARNINGS. See online help for details.
  C:\Program Files (x86)\Windows Kits\10\Include\10.0.10240.0\ucrt\stdio.h(1769): note: see declaration of 'sprintf'
c:\users\wenzhen\documents\visual studio 2015\projects\packageproject_1\featuresskel\imagelib\Image.h(168): warning C4996: 'sprintf': This function or variable may be unsafe. Consider using sprintf_s instead. To disable deprecation, use _CRT_SECURE_NO_WARNINGS. See online help for details.
  C:\Program Files (x86)\Windows Kits\10\Include\10.0.10240.0\ucrt\stdio.h(1769): note: see declaration of 'sprintf'
c:\users\wenzhen\documents\visual studio 2015\projects\packageproject_1\featuresskel\imagelib\Image.h(170): warning C4996: 'sprintf': This function or variable may be unsafe. Consider using sprintf_s instead. To disable deprecation, use _CRT_SECURE_NO_WARNINGS. See online help for details.
  C:\Program Files (x86)\Windows Kits\10\Include\10.0.10240.0\ucrt\stdio.h(1769): note: see declaration of 'sprintf'
c:\users\wenzhen\documents\visual studio 2015\projects\packageproject_1\featuresskel\imagelib\Image.h(172): warning C4996: 'sprintf': This function or variable may be unsafe. Consider using sprintf_s instead. To disable deprecation, use _CRT_SECURE_NO_WARNINGS. See online help for details.
  C:\Program Files (x86)\Windows Kits\10\Include\10.0.10240.0\ucrt\stdio.h(1769): note: see declaration of 'sprintf'
  FeatureSet.cpp
  FeaturesMain.cpp
c:\users\wenzhen\documents\visual studio 2015\projects\packageproject_1\featuresskel\imagelib\Image.h(166): warning C4996: 'strcpy': This function or variable may be unsafe. Consider using strcpy_s instead. To disable deprecation, use _CRT_SECURE_NO_WARNINGS. See online help for details.
  C:\Program Files (x86)\Windows Kits\10\Include\10.0.10240.0\ucrt\string.h(119): note: see declaration of 'strcpy'
c:\users\wenzhen\documents\visual studio 2015\projects\packageproject_1\featuresskel\imagelib\Image.h(167): warning C4996: 'sprintf': This function or variable may be unsafe. Consider using sprintf_s instead. To disable deprecation, use _CRT_SECURE_NO_WARNINGS. See online help for details.
  C:\Program Files (x86)\Windows Kits\10\Include\10.0.10240.0\ucrt\stdio.h(1769): note: see declaration of 'sprintf'
c:\users\wenzhen\documents\visual studio 2015\projects\packageproject_1\featuresskel\imagelib\Image.h(168): warning C4996: 'sprintf': This function or variable may be unsafe. Consider using sprintf_s instead. To disable deprecation, use _CRT_SECURE_NO_WARNINGS. See online help for details.
  C:\Program Files (x86)\Windows Kits\10\Include\10.0.10240.0\ucrt\stdio.h(1769): note: see declaration of 'sprintf'
c:\users\wenzhen\documents\visual studio 2015\projects\packageproject_1\featuresskel\imagelib\Image.h(170): warning C4996: 'sprintf': This function or variable may be unsafe. Consider using sprintf_s instead. To disable deprecation, use _CRT_SECURE_NO_WARNINGS. See online help for details.
  C:\Program Files (x86)\Windows Kits\10\Include\10.0.10240.0\ucrt\stdio.h(1769): note: see declaration of 'sprintf'
c:\users\wenzhen\documents\visual studio 2015\projects\packageproject_1\featuresskel\imagelib\Image.h(172): warning C4996: 'sprintf': This function or variable may be unsafe. Consider using sprintf_s instead. To disable deprecation, use _CRT_SECURE_NO_WARNINGS. See online help for details.
  C:\Program Files (x86)\Windows Kits\10\Include\10.0.10240.0\ucrt\stdio.h(1769): note: see declaration of 'sprintf'
FeaturesMain.cpp(166): warning C4996: 'fopen': This function or variable may be unsafe. Consider using fopen_s instead. To disable deprecation, use _CRT_SECURE_NO_WARNINGS. See online help for details.
  C:\Program Files (x86)\Windows Kits\10\Include\10.0.10240.0\ucrt\stdio.h(205): note: see declaration of 'fopen'
FeaturesMain.cpp(230): warning C4996: 'fopen': This function or variable may be unsafe. Consider using fopen_s instead. To disable deprecation, use _CRT_SECURE_NO_WARNINGS. See online help for details.
  C:\Program Files (x86)\Windows Kits\10\Include\10.0.10240.0\ucrt\stdio.h(205): note: see declaration of 'fopen'
FeaturesMain.cpp(682): warning C4996: 'fopen': This function or variable may be unsafe. Consider using fopen_s instead. To disable deprecation, use _CRT_SECURE_NO_WARNINGS. See online help for details.
  C:\Program Files (x86)\Windows Kits\10\Include\10.0.10240.0\ucrt\stdio.h(205): note: see declaration of 'fopen'
FeaturesMain.cpp(702): warning C4996: 'fopen': This function or variable may be unsafe. Consider using fopen_s instead. To disable deprecation, use _CRT_SECURE_NO_WARNINGS. See online help for details.
  C:\Program Files (x86)\Windows Kits\10\Include\10.0.10240.0\ucrt\stdio.h(205): note: see declaration of 'fopen'
  FeaturesUI.cpp
  ImageDatabase.cpp
  ImageView.cpp
  Generating Code...
ImageLib.lib(RefCntMem.obj) : warning LNK4075: ignoring '/EDITANDCONTINUE' due to '/SAFESEH' specification
fltk_imagesd.lib(fl_images_core.obj) : warning LNK4099: PDB 'fltk_images.pdb' was not found with 'fltk_imagesd.lib(fl_images_core.obj)' or at 'C:\Users\wenzhen\Documents\Visual Studio 2015\Projects\PackageProject_1\FeaturesSkel\Debug\fltk_images.pdb'; linking object as if no debug info
fltk_imagesd.lib(Fl_BMP_Image.obj) : warning LNK4099: PDB 'fltk_images.pdb' was not found with 'fltk_imagesd.lib(Fl_BMP_Image.obj)' or at 'C:\Users\wenzhen\Documents\Visual Studio 2015\Projects\PackageProject_1\FeaturesSkel\Debug\fltk_images.pdb'; linking object as if no debug info
fltk_imagesd.lib(Fl_GIF_Image.obj) : warning LNK4099: PDB 'fltk_images.pdb' was not found with 'fltk_imagesd.lib(Fl_GIF_Image.obj)' or at 'C:\Users\wenzhen\Documents\Visual Studio 2015\Projects\PackageProject_1\FeaturesSkel\Debug\fltk_images.pdb'; linking object as if no debug info
fltk_imagesd.lib(Fl_JPEG_Image.obj) : warning LNK4099: PDB 'fltk_images.pdb' was not found with 'fltk_imagesd.lib(Fl_JPEG_Image.obj)' or at 'C:\Users\wenzhen\Documents\Visual Studio 2015\Projects\PackageProject_1\FeaturesSkel\Debug\fltk_images.pdb'; linking object as if no debug info
fltk_imagesd.lib(Fl_PNG_Image.obj) : warning LNK4099: PDB 'fltk_images.pdb' was not found with 'fltk_imagesd.lib(Fl_PNG_Image.obj)' or at 'C:\Users\wenzhen\Documents\Visual Studio 2015\Projects\PackageProject_1\FeaturesSkel\Debug\fltk_images.pdb'; linking object as if no debug info
fltk_imagesd.lib(Fl_PNM_Image.obj) : warning LNK4099: PDB 'fltk_images.pdb' was not found with 'fltk_imagesd.lib(Fl_PNM_Image.obj)' or at 'C:\Users\wenzhen\Documents\Visual Studio 2015\Projects\PackageProject_1\FeaturesSkel\Debug\fltk_images.pdb'; linking object as if no debug info
fltk_jpegd.lib(jmemnobs.obj) : warning LNK4099: PDB 'fltk_jpeg.pdb' was not found with 'fltk_jpegd.lib(jmemnobs.obj)' or at 'C:\Users\wenzhen\Documents\Visual Studio 2015\Projects\PackageProject_1\FeaturesSkel\Debug\fltk_jpeg.pdb'; linking object as if no debug info
fltk_jpegd.lib(jaricom.obj) : warning LNK4099: PDB 'fltk_jpeg.pdb' was not found with 'fltk_jpegd.lib(jaricom.obj)' or at 'C:\Users\wenzhen\Documents\Visual Studio 2015\Projects\PackageProject_1\FeaturesSkel\Debug\fltk_jpeg.pdb'; linking object as if no debug info
fltk_jpegd.lib(jcomapi.obj) : warning LNK4099: PDB 'fltk_jpeg.pdb' was not found with 'fltk_jpegd.lib(jcomapi.obj)' or at 'C:\Users\wenzhen\Documents\Visual Studio 2015\Projects\PackageProject_1\FeaturesSkel\Debug\fltk_jpeg.pdb'; linking object as if no debug info
fltk_jpegd.lib(jutils.obj) : warning LNK4099: PDB 'fltk_jpeg.pdb' was not found with 'fltk_jpegd.lib(jutils.obj)' or at 'C:\Users\wenzhen\Documents\Visual Studio 2015\Projects\PackageProject_1\FeaturesSkel\Debug\fltk_jpeg.pdb'; linking object as if no debug info
fltk_jpegd.lib(jerror.obj) : warning LNK4099: PDB 'fltk_jpeg.pdb' was not found with 'fltk_jpegd.lib(jerror.obj)' or at 'C:\Users\wenzhen\Documents\Visual Studio 2015\Projects\PackageProject_1\FeaturesSkel\Debug\fltk_jpeg.pdb'; linking object as if no debug info
fltk_jpegd.lib(jmemmgr.obj) : warning LNK4099: PDB 'fltk_jpeg.pdb' was not found with 'fltk_jpegd.lib(jmemmgr.obj)' or at 'C:\Users\wenzhen\Documents\Visual Studio 2015\Projects\PackageProject_1\FeaturesSkel\Debug\fltk_jpeg.pdb'; linking object as if no debug info
fltk_jpegd.lib(jdapimin.obj) : warning LNK4099: PDB 'fltk_jpeg.pdb' was not found with 'fltk_jpegd.lib(jdapimin.obj)' or at 'C:\Users\wenzhen\Documents\Visual Studio 2015\Projects\PackageProject_1\FeaturesSkel\Debug\fltk_jpeg.pdb'; linking object as if no debug info
fltk_jpegd.lib(jdapistd.obj) : warning LNK4099: PDB 'fltk_jpeg.pdb' was not found with 'fltk_jpegd.lib(jdapistd.obj)' or at 'C:\Users\wenzhen\Documents\Visual Studio 2015\Projects\PackageProject_1\FeaturesSkel\Debug\fltk_jpeg.pdb'; linking object as if no debug info
fltk_jpegd.lib(jdarith.obj) : warning LNK4099: PDB 'fltk_jpeg.pdb' was not found with 'fltk_jpegd.lib(jdarith.obj)' or at 'C:\Users\wenzhen\Documents\Visual Studio 2015\Projects\PackageProject_1\FeaturesSkel\Debug\fltk_jpeg.pdb'; linking object as if no debug info
fltk_jpegd.lib(jdatasrc.obj) : warning LNK4099: PDB 'fltk_jpeg.pdb' was not found with 'fltk_jpegd.lib(jdatasrc.obj)' or at 'C:\Users\wenzhen\Documents\Visual Studio 2015\Projects\PackageProject_1\FeaturesSkel\Debug\fltk_jpeg.pdb'; linking object as if no debug info
fltk_jpegd.lib(jdmaster.obj) : warning LNK4099: PDB 'fltk_jpeg.pdb' was not found with 'fltk_jpegd.lib(jdmaster.obj)' or at 'C:\Users\wenzhen\Documents\Visual Studio 2015\Projects\PackageProject_1\FeaturesSkel\Debug\fltk_jpeg.pdb'; linking object as if no debug info
fltk_jpegd.lib(jdinput.obj) : warning LNK4099: PDB 'fltk_jpeg.pdb' was not found with 'fltk_jpegd.lib(jdinput.obj)' or at 'C:\Users\wenzhen\Documents\Visual Studio 2015\Projects\PackageProject_1\FeaturesSkel\Debug\fltk_jpeg.pdb'; linking object as if no debug info
fltk_jpegd.lib(jdmarker.obj) : warning LNK4099: PDB 'fltk_jpeg.pdb' was not found with 'fltk_jpegd.lib(jdmarker.obj)' or at 'C:\Users\wenzhen\Documents\Visual Studio 2015\Projects\PackageProject_1\FeaturesSkel\Debug\fltk_jpeg.pdb'; linking object as if no debug info
fltk_jpegd.lib(jdhuff.obj) : warning LNK4099: PDB 'fltk_jpeg.pdb' was not found with 'fltk_jpegd.lib(jdhuff.obj)' or at 'C:\Users\wenzhen\Documents\Visual Studio 2015\Projects\PackageProject_1\FeaturesSkel\Debug\fltk_jpeg.pdb'; linking object as if no debug info
fltk_jpegd.lib(jdmainct.obj) : warning LNK4099: PDB 'fltk_jpeg.pdb' was not found with 'fltk_jpegd.lib(jdmainct.obj)' or at 'C:\Users\wenzhen\Documents\Visual Studio 2015\Projects\PackageProject_1\FeaturesSkel\Debug\fltk_jpeg.pdb'; linking object as if no debug info
fltk_jpegd.lib(jdcoefct.obj) : warning LNK4099: PDB 'fltk_jpeg.pdb' was not found with 'fltk_jpegd.lib(jdcoefct.obj)' or at 'C:\Users\wenzhen\Documents\Visual Studio 2015\Projects\PackageProject_1\FeaturesSkel\Debug\fltk_jpeg.pdb'; linking object as if no debug info
fltk_jpegd.lib(jdpostct.obj) : warning LNK4099: PDB 'fltk_jpeg.pdb' was not found with 'fltk_jpegd.lib(jdpostct.obj)' or at 'C:\Users\wenzhen\Documents\Visual Studio 2015\Projects\PackageProject_1\FeaturesSkel\Debug\fltk_jpeg.pdb'; linking object as if no debug info
fltk_jpegd.lib(jddctmgr.obj) : warning LNK4099: PDB 'fltk_jpeg.pdb' was not found with 'fltk_jpegd.lib(jddctmgr.obj)' or at 'C:\Users\wenzhen\Documents\Visual Studio 2015\Projects\PackageProject_1\FeaturesSkel\Debug\fltk_jpeg.pdb'; linking object as if no debug info
fltk_jpegd.lib(jidctfst.obj) : warning LNK4099: PDB 'fltk_jpeg.pdb' was not found with 'fltk_jpegd.lib(jidctfst.obj)' or at 'C:\Users\wenzhen\Documents\Visual Studio 2015\Projects\PackageProject_1\FeaturesSkel\Debug\fltk_jpeg.pdb'; linking object as if no debug info
fltk_jpegd.lib(jidctflt.obj) : warning LNK4099: PDB 'fltk_jpeg.pdb' was not found with 'fltk_jpegd.lib(jidctflt.obj)' or at 'C:\Users\wenzhen\Documents\Visual Studio 2015\Projects\PackageProject_1\FeaturesSkel\Debug\fltk_jpeg.pdb'; linking object as if no debug info
fltk_jpegd.lib(jidctint.obj) : warning LNK4099: PDB 'fltk_jpeg.pdb' was not found with 'fltk_jpegd.lib(jidctint.obj)' or at 'C:\Users\wenzhen\Documents\Visual Studio 2015\Projects\PackageProject_1\FeaturesSkel\Debug\fltk_jpeg.pdb'; linking object as if no debug info
fltk_jpegd.lib(jdsample.obj) : warning LNK4099: PDB 'fltk_jpeg.pdb' was not found with 'fltk_jpegd.lib(jdsample.obj)' or at 'C:\Users\wenzhen\Documents\Visual Studio 2015\Projects\PackageProject_1\FeaturesSkel\Debug\fltk_jpeg.pdb'; linking object as if no debug info
fltk_jpegd.lib(jdcolor.obj) : warning LNK4099: PDB 'fltk_jpeg.pdb' was not found with 'fltk_jpegd.lib(jdcolor.obj)' or at 'C:\Users\wenzhen\Documents\Visual Studio 2015\Projects\PackageProject_1\FeaturesSkel\Debug\fltk_jpeg.pdb'; linking object as if no debug info
fltk_jpegd.lib(jquant1.obj) : warning LNK4099: PDB 'fltk_jpeg.pdb' was not found with 'fltk_jpegd.lib(jquant1.obj)' or at 'C:\Users\wenzhen\Documents\Visual Studio 2015\Projects\PackageProject_1\FeaturesSkel\Debug\fltk_jpeg.pdb'; linking object as if no debug info
fltk_jpegd.lib(jquant2.obj) : warning LNK4099: PDB 'fltk_jpeg.pdb' was not found with 'fltk_jpegd.lib(jquant2.obj)' or at 'C:\Users\wenzhen\Documents\Visual Studio 2015\Projects\PackageProject_1\FeaturesSkel\Debug\fltk_jpeg.pdb'; linking object as if no debug info
fltk_jpegd.lib(jdmerge.obj) : warning LNK4099: PDB 'fltk_jpeg.pdb' was not found with 'fltk_jpegd.lib(jdmerge.obj)' or at 'C:\Users\wenzhen\Documents\Visual Studio 2015\Projects\PackageProject_1\FeaturesSkel\Debug\fltk_jpeg.pdb'; linking object as if no debug info
fltk_pngd.lib(pngget.obj) : warning LNK4099: PDB 'fltk_png.pdb' was not found with 'fltk_pngd.lib(pngget.obj)' or at 'C:\Users\wenzhen\Documents\Visual Studio 2015\Projects\PackageProject_1\FeaturesSkel\Debug\fltk_png.pdb'; linking object as if no debug info
fltk_pngd.lib(pngrio.obj) : warning LNK4099: PDB 'fltk_png.pdb' was not found with 'fltk_pngd.lib(pngrio.obj)' or at 'C:\Users\wenzhen\Documents\Visual Studio 2015\Projects\PackageProject_1\FeaturesSkel\Debug\fltk_png.pdb'; linking object as if no debug info
fltk_pngd.lib(png.obj) : warning LNK4099: PDB 'fltk_png.pdb' was not found with 'fltk_pngd.lib(png.obj)' or at 'C:\Users\wenzhen\Documents\Visual Studio 2015\Projects\PackageProject_1\FeaturesSkel\Debug\fltk_png.pdb'; linking object as if no debug info
fltk_pngd.lib(pngmem.obj) : warning LNK4099: PDB 'fltk_png.pdb' was not found with 'fltk_pngd.lib(pngmem.obj)' or at 'C:\Users\wenzhen\Documents\Visual Studio 2015\Projects\PackageProject_1\FeaturesSkel\Debug\fltk_png.pdb'; linking object as if no debug info
fltk_pngd.lib(pngrtran.obj) : warning LNK4099: PDB 'fltk_png.pdb' was not found with 'fltk_pngd.lib(pngrtran.obj)' or at 'C:\Users\wenzhen\Documents\Visual Studio 2015\Projects\PackageProject_1\FeaturesSkel\Debug\fltk_png.pdb'; linking object as if no debug info
fltk_pngd.lib(pngtrans.obj) : warning LNK4099: PDB 'fltk_png.pdb' was not found with 'fltk_pngd.lib(pngtrans.obj)' or at 'C:\Users\wenzhen\Documents\Visual Studio 2015\Projects\PackageProject_1\FeaturesSkel\Debug\fltk_png.pdb'; linking object as if no debug info
fltk_pngd.lib(pngerror.obj) : warning LNK4099: PDB 'fltk_png.pdb' was not found with 'fltk_pngd.lib(pngerror.obj)' or at 'C:\Users\wenzhen\Documents\Visual Studio 2015\Projects\PackageProject_1\FeaturesSkel\Debug\fltk_png.pdb'; linking object as if no debug info
fltk_pngd.lib(pngrutil.obj) : warning LNK4099: PDB 'fltk_png.pdb' was not found with 'fltk_pngd.lib(pngrutil.obj)' or at 'C:\Users\wenzhen\Documents\Visual Studio 2015\Projects\PackageProject_1\FeaturesSkel\Debug\fltk_png.pdb'; linking object as if no debug info
fltk_pngd.lib(pngread.obj) : warning LNK4099: PDB 'fltk_png.pdb' was not found with 'fltk_pngd.lib(pngread.obj)' or at 'C:\Users\wenzhen\Documents\Visual Studio 2015\Projects\PackageProject_1\FeaturesSkel\Debug\fltk_png.pdb'; linking object as if no debug info
fltk_pngd.lib(pngset.obj) : warning LNK4099: PDB 'fltk_png.pdb' was not found with 'fltk_pngd.lib(pngset.obj)' or at 'C:\Users\wenzhen\Documents\Visual Studio 2015\Projects\PackageProject_1\FeaturesSkel\Debug\fltk_png.pdb'; linking object as if no debug info
fltk_zd.lib(adler32.obj) : warning LNK4099: PDB 'fltk_z.pdb' was not found with 'fltk_zd.lib(adler32.obj)' or at 'C:\Users\wenzhen\Documents\Visual Studio 2015\Projects\PackageProject_1\FeaturesSkel\Debug\fltk_z.pdb'; linking object as if no debug info
fltk_zd.lib(crc32.obj) : warning LNK4099: PDB 'fltk_z.pdb' was not found with 'fltk_zd.lib(crc32.obj)' or at 'C:\Users\wenzhen\Documents\Visual Studio 2015\Projects\PackageProject_1\FeaturesSkel\Debug\fltk_z.pdb'; linking object as if no debug info
fltk_zd.lib(inffast.obj) : warning LNK4099: PDB 'fltk_z.pdb' was not found with 'fltk_zd.lib(inffast.obj)' or at 'C:\Users\wenzhen\Documents\Visual Studio 2015\Projects\PackageProject_1\FeaturesSkel\Debug\fltk_z.pdb'; linking object as if no debug info
fltk_zd.lib(inflate.obj) : warning LNK4099: PDB 'fltk_z.pdb' was not found with 'fltk_zd.lib(inflate.obj)' or at 'C:\Users\wenzhen\Documents\Visual Studio 2015\Projects\PackageProject_1\FeaturesSkel\Debug\fltk_z.pdb'; linking object as if no debug info
fltk_zd.lib(inftrees.obj) : warning LNK4099: PDB 'fltk_z.pdb' was not found with 'fltk_zd.lib(inftrees.obj)' or at 'C:\Users\wenzhen\Documents\Visual Studio 2015\Projects\PackageProject_1\FeaturesSkel\Debug\fltk_z.pdb'; linking object as if no debug info
fltk_zd.lib(zutil.obj) : warning LNK4099: PDB 'fltk_z.pdb' was not found with 'fltk_zd.lib(zutil.obj)' or at 'C:\Users\wenzhen\Documents\Visual Studio 2015\Projects\PackageProject_1\FeaturesSkel\Debug\fltk_z.pdb'; linking object as if no debug info
fltkd.lib(Fl.obj) : warning LNK4099: PDB 'fltk.pdb' was not found with 'fltkd.lib(Fl.obj)' or at 'C:\Users\wenzhen\Documents\Visual Studio 2015\Projects\PackageProject_1\FeaturesSkel\Debug\fltk.pdb'; linking object as if no debug info
fltkd.lib(Fl_Bitmap.obj) : warning LNK4099: PDB 'fltk.pdb' was not found with 'fltkd.lib(Fl_Bitmap.obj)' or at 'C:\Users\wenzhen\Documents\Visual Studio 2015\Projects\PackageProject_1\FeaturesSkel\Debug\fltk.pdb'; linking object as if no debug info
fltkd.lib(Fl_Browser.obj) : warning LNK4099: PDB 'fltk.pdb' was not found with 'fltkd.lib(Fl_Browser.obj)' or at 'C:\Users\wenzhen\Documents\Visual Studio 2015\Projects\PackageProject_1\FeaturesSkel\Debug\fltk.pdb'; linking object as if no debug info
fltkd.lib(Fl_Browser_.obj) : warning LNK4099: PDB 'fltk.pdb' was not found with 'fltkd.lib(Fl_Browser_.obj)' or at 'C:\Users\wenzhen\Documents\Visual Studio 2015\Projects\PackageProject_1\FeaturesSkel\Debug\fltk.pdb'; linking object as if no debug info
fltkd.lib(Fl_Box.obj) : warning LNK4099: PDB 'fltk.pdb' was not found with 'fltkd.lib(Fl_Box.obj)' or at 'C:\Users\wenzhen\Documents\Visual Studio 2015\Projects\PackageProject_1\FeaturesSkel\Debug\fltk.pdb'; linking object as if no debug info
fltkd.lib(Fl_Button.obj) : warning LNK4099: PDB 'fltk.pdb' was not found with 'fltkd.lib(Fl_Button.obj)' or at 'C:\Users\wenzhen\Documents\Visual Studio 2015\Projects\PackageProject_1\FeaturesSkel\Debug\fltk.pdb'; linking object as if no debug info
fltkd.lib(Fl_Check_Button.obj) : warning LNK4099: PDB 'fltk.pdb' was not found with 'fltkd.lib(Fl_Check_Button.obj)' or at 'C:\Users\wenzhen\Documents\Visual Studio 2015\Projects\PackageProject_1\FeaturesSkel\Debug\fltk.pdb'; linking object as if no debug info
fltkd.lib(Fl_Choice.obj) : warning LNK4099: PDB 'fltk.pdb' was not found with 'fltkd.lib(Fl_Choice.obj)' or at 'C:\Users\wenzhen\Documents\Visual Studio 2015\Projects\PackageProject_1\FeaturesSkel\Debug\fltk.pdb'; linking object as if no debug info
fltkd.lib(Fl_Device.obj) : warning LNK4099: PDB 'fltk.pdb' was not found with 'fltkd.lib(Fl_Device.obj)' or at 'C:\Users\wenzhen\Documents\Visual Studio 2015\Projects\PackageProject_1\FeaturesSkel\Debug\fltk.pdb'; linking object as if no debug info
fltkd.lib(Fl_Double_Window.obj) : warning LNK4099: PDB 'fltk.pdb' was not found with 'fltkd.lib(Fl_Double_Window.obj)' or at 'C:\Users\wenzhen\Documents\Visual Studio 2015\Projects\PackageProject_1\FeaturesSkel\Debug\fltk.pdb'; linking object as if no debug info
fltkd.lib(Fl_File_Browser.obj) : warning LNK4099: PDB 'fltk.pdb' was not found with 'fltkd.lib(Fl_File_Browser.obj)' or at 'C:\Users\wenzhen\Documents\Visual Studio 2015\Projects\PackageProject_1\FeaturesSkel\Debug\fltk.pdb'; linking object as if no debug info
fltkd.lib(Fl_File_Chooser.obj) : warning LNK4099: PDB 'fltk.pdb' was not found with 'fltkd.lib(Fl_File_Chooser.obj)' or at 'C:\Users\wenzhen\Documents\Visual Studio 2015\Projects\PackageProject_1\FeaturesSkel\Debug\fltk.pdb'; linking object as if no debug info
fltkd.lib(Fl_File_Chooser2.obj) : warning LNK4099: PDB 'fltk.pdb' was not found with 'fltkd.lib(Fl_File_Chooser2.obj)' or at 'C:\Users\wenzhen\Documents\Visual Studio 2015\Projects\PackageProject_1\FeaturesSkel\Debug\fltk.pdb'; linking object as if no debug info
fltkd.lib(Fl_File_Icon.obj) : warning LNK4099: PDB 'fltk.pdb' was not found with 'fltkd.lib(Fl_File_Icon.obj)' or at 'C:\Users\wenzhen\Documents\Visual Studio 2015\Projects\PackageProject_1\FeaturesSkel\Debug\fltk.pdb'; linking object as if no debug info
fltkd.lib(Fl_File_Input.obj) : warning LNK4099: PDB 'fltk.pdb' was not found with 'fltkd.lib(Fl_File_Input.obj)' or at 'C:\Users\wenzhen\Documents\Visual Studio 2015\Projects\PackageProject_1\FeaturesSkel\Debug\fltk.pdb'; linking object as if no debug info
fltkd.lib(Fl_Group.obj) : warning LNK4099: PDB 'fltk.pdb' was not found with 'fltkd.lib(Fl_Group.obj)' or at 'C:\Users\wenzhen\Documents\Visual Studio 2015\Projects\PackageProject_1\FeaturesSkel\Debug\fltk.pdb'; linking object as if no debug info
fltkd.lib(Fl_Image.obj) : warning LNK4099: PDB 'fltk.pdb' was not found with 'fltkd.lib(Fl_Image.obj)' or at 'C:\Users\wenzhen\Documents\Visual Studio 2015\Projects\PackageProject_1\FeaturesSkel\Debug\fltk.pdb'; linking object as if no debug info
fltkd.lib(Fl_Input.obj) : warning LNK4099: PDB 'fltk.pdb' was not found with 'fltkd.lib(Fl_Input.obj)' or at 'C:\Users\wenzhen\Documents\Visual Studio 2015\Projects\PackageProject_1\FeaturesSkel\Debug\fltk.pdb'; linking object as if no debug info
fltkd.lib(Fl_Input_.obj) : warning LNK4099: PDB 'fltk.pdb' was not found with 'fltkd.lib(Fl_Input_.obj)' or at 'C:\Users\wenzhen\Documents\Visual Studio 2015\Projects\PackageProject_1\FeaturesSkel\Debug\fltk.pdb'; linking object as if no debug info
fltkd.lib(Fl_Light_Button.obj) : warning LNK4099: PDB 'fltk.pdb' was not found with 'fltkd.lib(Fl_Light_Button.obj)' or at 'C:\Users\wenzhen\Documents\Visual Studio 2015\Projects\PackageProject_1\FeaturesSkel\Debug\fltk.pdb'; linking object as if no debug info
fltkd.lib(Fl_Menu.obj) : warning LNK4099: PDB 'fltk.pdb' was not found with 'fltkd.lib(Fl_Menu.obj)' or at 'C:\Users\wenzhen\Documents\Visual Studio 2015\Projects\PackageProject_1\FeaturesSkel\Debug\fltk.pdb'; linking object as if no debug info
fltkd.lib(Fl_Menu_.obj) : warning LNK4099: PDB 'fltk.pdb' was not found with 'fltkd.lib(Fl_Menu_.obj)' or at 'C:\Users\wenzhen\Documents\Visual Studio 2015\Projects\PackageProject_1\FeaturesSkel\Debug\fltk.pdb'; linking object as if no debug info
fltkd.lib(Fl_Menu_Bar.obj) : warning LNK4099: PDB 'fltk.pdb' was not found with 'fltkd.lib(Fl_Menu_Bar.obj)' or at 'C:\Users\wenzhen\Documents\Visual Studio 2015\Projects\PackageProject_1\FeaturesSkel\Debug\fltk.pdb'; linking object as if no debug info
fltkd.lib(Fl_Menu_Button.obj) : warning LNK4099: PDB 'fltk.pdb' was not found with 'fltkd.lib(Fl_Menu_Button.obj)' or at 'C:\Users\wenzhen\Documents\Visual Studio 2015\Projects\PackageProject_1\FeaturesSkel\Debug\fltk.pdb'; linking object as if no debug info
fltkd.lib(Fl_Menu_Window.obj) : warning LNK4099: PDB 'fltk.pdb' was not found with 'fltkd.lib(Fl_Menu_Window.obj)' or at 'C:\Users\wenzhen\Documents\Visual Studio 2015\Projects\PackageProject_1\FeaturesSkel\Debug\fltk.pdb'; linking object as if no debug info
fltkd.lib(Fl_Menu_add.obj) : warning LNK4099: PDB 'fltk.pdb' was not found with 'fltkd.lib(Fl_Menu_add.obj)' or at 'C:\Users\wenzhen\Documents\Visual Studio 2015\Projects\PackageProject_1\FeaturesSkel\Debug\fltk.pdb'; linking object as if no debug info
fltkd.lib(Fl_Overlay_Window.obj) : warning LNK4099: PDB 'fltk.pdb' was not found with 'fltkd.lib(Fl_Overlay_Window.obj)' or at 'C:\Users\wenzhen\Documents\Visual Studio 2015\Projects\PackageProject_1\FeaturesSkel\Debug\fltk.pdb'; linking object as if no debug info
fltkd.lib(Fl_Pixmap.obj) : warning LNK4099: PDB 'fltk.pdb' was not found with 'fltkd.lib(Fl_Pixmap.obj)' or at 'C:\Users\wenzhen\Documents\Visual Studio 2015\Projects\PackageProject_1\FeaturesSkel\Debug\fltk.pdb'; linking object as if no debug info
fltkd.lib(Fl_Preferences.obj) : warning LNK4099: PDB 'fltk.pdb' was not found with 'fltkd.lib(Fl_Preferences.obj)' or at 'C:\Users\wenzhen\Documents\Visual Studio 2015\Projects\PackageProject_1\FeaturesSkel\Debug\fltk.pdb'; linking object as if no debug info
fltkd.lib(Fl_Repeat_Button.obj) : warning LNK4099: PDB 'fltk.pdb' was not found with 'fltkd.lib(Fl_Repeat_Button.obj)' or at 'C:\Users\wenzhen\Documents\Visual Studio 2015\Projects\PackageProject_1\FeaturesSkel\Debug\fltk.pdb'; linking object as if no debug info
fltkd.lib(Fl_Return_Button.obj) : warning LNK4099: PDB 'fltk.pdb' was not found with 'fltkd.lib(Fl_Return_Button.obj)' or at 'C:\Users\wenzhen\Documents\Visual Studio 2015\Projects\PackageProject_1\FeaturesSkel\Debug\fltk.pdb'; linking object as if no debug info
fltkd.lib(Fl_Scrollbar.obj) : warning LNK4099: PDB 'fltk.pdb' was not found with 'fltkd.lib(Fl_Scrollbar.obj)' or at 'C:\Users\wenzhen\Documents\Visual Studio 2015\Projects\PackageProject_1\FeaturesSkel\Debug\fltk.pdb'; linking object as if no debug info
fltkd.lib(Fl_Shared_Image.obj) : warning LNK4099: PDB 'fltk.pdb' was not found with 'fltkd.lib(Fl_Shared_Image.obj)' or at 'C:\Users\wenzhen\Documents\Visual Studio 2015\Projects\PackageProject_1\FeaturesSkel\Debug\fltk.pdb'; linking object as if no debug info
fltkd.lib(Fl_Single_Window.obj) : warning LNK4099: PDB 'fltk.pdb' was not found with 'fltkd.lib(Fl_Single_Window.obj)' or at 'C:\Users\wenzhen\Documents\Visual Studio 2015\Projects\PackageProject_1\FeaturesSkel\Debug\fltk.pdb'; linking object as if no debug info
fltkd.lib(Fl_Slider.obj) : warning LNK4099: PDB 'fltk.pdb' was not found with 'fltkd.lib(Fl_Slider.obj)' or at 'C:\Users\wenzhen\Documents\Visual Studio 2015\Projects\PackageProject_1\FeaturesSkel\Debug\fltk.pdb'; linking object as if no debug info
fltkd.lib(Fl_Tile.obj) : warning LNK4099: PDB 'fltk.pdb' was not found with 'fltkd.lib(Fl_Tile.obj)' or at 'C:\Users\wenzhen\Documents\Visual Studio 2015\Projects\PackageProject_1\FeaturesSkel\Debug\fltk.pdb'; linking object as if no debug info
fltkd.lib(Fl_Tiled_Image.obj) : warning LNK4099: PDB 'fltk.pdb' was not found with 'fltkd.lib(Fl_Tiled_Image.obj)' or at 'C:\Users\wenzhen\Documents\Visual Studio 2015\Projects\PackageProject_1\FeaturesSkel\Debug\fltk.pdb'; linking object as if no debug info
fltkd.lib(Fl_Tooltip.obj) : warning LNK4099: PDB 'fltk.pdb' was not found with 'fltkd.lib(Fl_Tooltip.obj)' or at 'C:\Users\wenzhen\Documents\Visual Studio 2015\Projects\PackageProject_1\FeaturesSkel\Debug\fltk.pdb'; linking object as if no debug info
fltkd.lib(Fl_Valuator.obj) : warning LNK4099: PDB 'fltk.pdb' was not found with 'fltkd.lib(Fl_Valuator.obj)' or at 'C:\Users\wenzhen\Documents\Visual Studio 2015\Projects\PackageProject_1\FeaturesSkel\Debug\fltk.pdb'; linking object as if no debug info
fltkd.lib(Fl_Widget.obj) : warning LNK4099: PDB 'fltk.pdb' was not found with 'fltkd.lib(Fl_Widget.obj)' or at 'C:\Users\wenzhen\Documents\Visual Studio 2015\Projects\PackageProject_1\FeaturesSkel\Debug\fltk.pdb'; linking object as if no debug info
fltkd.lib(Fl_Window.obj) : warning LNK4099: PDB 'fltk.pdb' was not found with 'fltkd.lib(Fl_Window.obj)' or at 'C:\Users\wenzhen\Documents\Visual Studio 2015\Projects\PackageProject_1\FeaturesSkel\Debug\fltk.pdb'; linking object as if no debug info
fltkd.lib(Fl_Window_fullscreen.obj) : warning LNK4099: PDB 'fltk.pdb' was not found with 'fltkd.lib(Fl_Window_fullscreen.obj)' or at 'C:\Users\wenzhen\Documents\Visual Studio 2015\Projects\PackageProject_1\FeaturesSkel\Debug\fltk.pdb'; linking object as if no debug info
fltkd.lib(Fl_Window_hotspot.obj) : warning LNK4099: PDB 'fltk.pdb' was not found with 'fltkd.lib(Fl_Window_hotspot.obj)' or at 'C:\Users\wenzhen\Documents\Visual Studio 2015\Projects\PackageProject_1\FeaturesSkel\Debug\fltk.pdb'; linking object as if no debug info
fltkd.lib(Fl_Window_shape.obj) : warning LNK4099: PDB 'fltk.pdb' was not found with 'fltkd.lib(Fl_Window_shape.obj)' or at 'C:\Users\wenzhen\Documents\Visual Studio 2015\Projects\PackageProject_1\FeaturesSkel\Debug\fltk.pdb'; linking object as if no debug info
fltkd.lib(Fl_XBM_Image.obj) : warning LNK4099: PDB 'fltk.pdb' was not found with 'fltkd.lib(Fl_XBM_Image.obj)' or at 'C:\Users\wenzhen\Documents\Visual Studio 2015\Projects\PackageProject_1\FeaturesSkel\Debug\fltk.pdb'; linking object as if no debug info
fltkd.lib(Fl_XPM_Image.obj) : warning LNK4099: PDB 'fltk.pdb' was not found with 'fltkd.lib(Fl_XPM_Image.obj)' or at 'C:\Users\wenzhen\Documents\Visual Studio 2015\Projects\PackageProject_1\FeaturesSkel\Debug\fltk.pdb'; linking object as if no debug info
fltkd.lib(Fl_abort.obj) : warning LNK4099: PDB 'fltk.pdb' was not found with 'fltkd.lib(Fl_abort.obj)' or at 'C:\Users\wenzhen\Documents\Visual Studio 2015\Projects\PackageProject_1\FeaturesSkel\Debug\fltk.pdb'; linking object as if no debug info
fltkd.lib(Fl_compose.obj) : warning LNK4099: PDB 'fltk.pdb' was not found with 'fltkd.lib(Fl_compose.obj)' or at 'C:\Users\wenzhen\Documents\Visual Studio 2015\Projects\PackageProject_1\FeaturesSkel\Debug\fltk.pdb'; linking object as if no debug info
fltkd.lib(Fl_get_system_colors.obj) : warning LNK4099: PDB 'fltk.pdb' was not found with 'fltkd.lib(Fl_get_system_colors.obj)' or at 'C:\Users\wenzhen\Documents\Visual Studio 2015\Projects\PackageProject_1\FeaturesSkel\Debug\fltk.pdb'; linking object as if no debug info
fltkd.lib(Fl_grab.obj) : warning LNK4099: PDB 'fltk.pdb' was not found with 'fltkd.lib(Fl_grab.obj)' or at 'C:\Users\wenzhen\Documents\Visual Studio 2015\Projects\PackageProject_1\FeaturesSkel\Debug\fltk.pdb'; linking object as if no debug info
fltkd.lib(Fl_lock.obj) : warning LNK4099: PDB 'fltk.pdb' was not found with 'fltkd.lib(Fl_lock.obj)' or at 'C:\Users\wenzhen\Documents\Visual Studio 2015\Projects\PackageProject_1\FeaturesSkel\Debug\fltk.pdb'; linking object as if no debug info
fltkd.lib(Fl_visual.obj) : warning LNK4099: PDB 'fltk.pdb' was not found with 'fltkd.lib(Fl_visual.obj)' or at 'C:\Users\wenzhen\Documents\Visual Studio 2015\Projects\PackageProject_1\FeaturesSkel\Debug\fltk.pdb'; linking object as if no debug info
fltkd.lib(filename_absolute.obj) : warning LNK4099: PDB 'fltk.pdb' was not found with 'fltkd.lib(filename_absolute.obj)' or at 'C:\Users\wenzhen\Documents\Visual Studio 2015\Projects\PackageProject_1\FeaturesSkel\Debug\fltk.pdb'; linking object as if no debug info
fltkd.lib(filename_expand.obj) : warning LNK4099: PDB 'fltk.pdb' was not found with 'fltkd.lib(filename_expand.obj)' or at 'C:\Users\wenzhen\Documents\Visual Studio 2015\Projects\PackageProject_1\FeaturesSkel\Debug\fltk.pdb'; linking object as if no debug info
fltkd.lib(filename_isdir.obj) : warning LNK4099: PDB 'fltk.pdb' was not found with 'fltkd.lib(filename_isdir.obj)' or at 'C:\Users\wenzhen\Documents\Visual Studio 2015\Projects\PackageProject_1\FeaturesSkel\Debug\fltk.pdb'; linking object as if no debug info
fltkd.lib(filename_list.obj) : warning LNK4099: PDB 'fltk.pdb' was not found with 'fltkd.lib(filename_list.obj)' or at 'C:\Users\wenzhen\Documents\Visual Studio 2015\Projects\PackageProject_1\FeaturesSkel\Debug\fltk.pdb'; linking object as if no debug info
fltkd.lib(filename_match.obj) : warning LNK4099: PDB 'fltk.pdb' was not found with 'fltkd.lib(filename_match.obj)' or at 'C:\Users\wenzhen\Documents\Visual Studio 2015\Projects\PackageProject_1\FeaturesSkel\Debug\fltk.pdb'; linking object as if no debug info
fltkd.lib(fl_arc.obj) : warning LNK4099: PDB 'fltk.pdb' was not found with 'fltkd.lib(fl_arc.obj)' or at 'C:\Users\wenzhen\Documents\Visual Studio 2015\Projects\PackageProject_1\FeaturesSkel\Debug\fltk.pdb'; linking object as if no debug info
fltkd.lib(fl_arci.obj) : warning LNK4099: PDB 'fltk.pdb' was not found with 'fltkd.lib(fl_arci.obj)' or at 'C:\Users\wenzhen\Documents\Visual Studio 2015\Projects\PackageProject_1\FeaturesSkel\Debug\fltk.pdb'; linking object as if no debug info
fltkd.lib(fl_ask.obj) : warning LNK4099: PDB 'fltk.pdb' was not found with 'fltkd.lib(fl_ask.obj)' or at 'C:\Users\wenzhen\Documents\Visual Studio 2015\Projects\PackageProject_1\FeaturesSkel\Debug\fltk.pdb'; linking object as if no debug info
fltkd.lib(fl_boxtype.obj) : warning LNK4099: PDB 'fltk.pdb' was not found with 'fltkd.lib(fl_boxtype.obj)' or at 'C:\Users\wenzhen\Documents\Visual Studio 2015\Projects\PackageProject_1\FeaturesSkel\Debug\fltk.pdb'; linking object as if no debug info
fltkd.lib(fl_color.obj) : warning LNK4099: PDB 'fltk.pdb' was not found with 'fltkd.lib(fl_color.obj)' or at 'C:\Users\wenzhen\Documents\Visual Studio 2015\Projects\PackageProject_1\FeaturesSkel\Debug\fltk.pdb'; linking object as if no debug info
fltkd.lib(fl_cursor.obj) : warning LNK4099: PDB 'fltk.pdb' was not found with 'fltkd.lib(fl_cursor.obj)' or at 'C:\Users\wenzhen\Documents\Visual Studio 2015\Projects\PackageProject_1\FeaturesSkel\Debug\fltk.pdb'; linking object as if no debug info
fltkd.lib(fl_curve.obj) : warning LNK4099: PDB 'fltk.pdb' was not found with 'fltkd.lib(fl_curve.obj)' or at 'C:\Users\wenzhen\Documents\Visual Studio 2015\Projects\PackageProject_1\FeaturesSkel\Debug\fltk.pdb'; linking object as if no debug info
fltkd.lib(fl_dnd.obj) : warning LNK4099: PDB 'fltk.pdb' was not found with 'fltkd.lib(fl_dnd.obj)' or at 'C:\Users\wenzhen\Documents\Visual Studio 2015\Projects\PackageProject_1\FeaturesSkel\Debug\fltk.pdb'; linking object as if no debug info
fltkd.lib(fl_draw.obj) : warning LNK4099: PDB 'fltk.pdb' was not found with 'fltkd.lib(fl_draw.obj)' or at 'C:\Users\wenzhen\Documents\Visual Studio 2015\Projects\PackageProject_1\FeaturesSkel\Debug\fltk.pdb'; linking object as if no debug info
fltkd.lib(fl_draw_image.obj) : warning LNK4099: PDB 'fltk.pdb' was not found with 'fltkd.lib(fl_draw_image.obj)' or at 'C:\Users\wenzhen\Documents\Visual Studio 2015\Projects\PackageProject_1\FeaturesSkel\Debug\fltk.pdb'; linking object as if no debug info
fltkd.lib(fl_draw_pixmap.obj) : warning LNK4099: PDB 'fltk.pdb' was not found with 'fltkd.lib(fl_draw_pixmap.obj)' or at 'C:\Users\wenzhen\Documents\Visual Studio 2015\Projects\PackageProject_1\FeaturesSkel\Debug\fltk.pdb'; linking object as if no debug info
fltkd.lib(fl_file_dir.obj) : warning LNK4099: PDB 'fltk.pdb' was not found with 'fltkd.lib(fl_file_dir.obj)' or at 'C:\Users\wenzhen\Documents\Visual Studio 2015\Projects\PackageProject_1\FeaturesSkel\Debug\fltk.pdb'; linking object as if no debug info
fltkd.lib(fl_font.obj) : warning LNK4099: PDB 'fltk.pdb' was not found with 'fltkd.lib(fl_font.obj)' or at 'C:\Users\wenzhen\Documents\Visual Studio 2015\Projects\PackageProject_1\FeaturesSkel\Debug\fltk.pdb'; linking object as if no debug info
fltkd.lib(fl_gleam.obj) : warning LNK4099: PDB 'fltk.pdb' was not found with 'fltkd.lib(fl_gleam.obj)' or at 'C:\Users\wenzhen\Documents\Visual Studio 2015\Projects\PackageProject_1\FeaturesSkel\Debug\fltk.pdb'; linking object as if no debug info
fltkd.lib(fl_gtk.obj) : warning LNK4099: PDB 'fltk.pdb' was not found with 'fltkd.lib(fl_gtk.obj)' or at 'C:\Users\wenzhen\Documents\Visual Studio 2015\Projects\PackageProject_1\FeaturesSkel\Debug\fltk.pdb'; linking object as if no debug info
fltkd.lib(fl_labeltype.obj) : warning LNK4099: PDB 'fltk.pdb' was not found with 'fltkd.lib(fl_labeltype.obj)' or at 'C:\Users\wenzhen\Documents\Visual Studio 2015\Projects\PackageProject_1\FeaturesSkel\Debug\fltk.pdb'; linking object as if no debug info
fltkd.lib(fl_line_style.obj) : warning LNK4099: PDB 'fltk.pdb' was not found with 'fltkd.lib(fl_line_style.obj)' or at 'C:\Users\wenzhen\Documents\Visual Studio 2015\Projects\PackageProject_1\FeaturesSkel\Debug\fltk.pdb'; linking object as if no debug info
fltkd.lib(fl_plastic.obj) : warning LNK4099: PDB 'fltk.pdb' was not found with 'fltkd.lib(fl_plastic.obj)' or at 'C:\Users\wenzhen\Documents\Visual Studio 2015\Projects\PackageProject_1\FeaturesSkel\Debug\fltk.pdb'; linking object as if no debug info
fltkd.lib(fl_read_image.obj) : warning LNK4099: PDB 'fltk.pdb' was not found with 'fltkd.lib(fl_read_image.obj)' or at 'C:\Users\wenzhen\Documents\Visual Studio 2015\Projects\PackageProject_1\FeaturesSkel\Debug\fltk.pdb'; linking object as if no debug info
fltkd.lib(fl_rect.obj) : warning LNK4099: PDB 'fltk.pdb' was not found with 'fltkd.lib(fl_rect.obj)' or at 'C:\Users\wenzhen\Documents\Visual Studio 2015\Projects\PackageProject_1\FeaturesSkel\Debug\fltk.pdb'; linking object as if no debug info
fltkd.lib(fl_round_box.obj) : warning LNK4099: PDB 'fltk.pdb' was not found with 'fltkd.lib(fl_round_box.obj)' or at 'C:\Users\wenzhen\Documents\Visual Studio 2015\Projects\PackageProject_1\FeaturesSkel\Debug\fltk.pdb'; linking object as if no debug info
fltkd.lib(fl_shortcut.obj) : warning LNK4099: PDB 'fltk.pdb' was not found with 'fltkd.lib(fl_shortcut.obj)' or at 'C:\Users\wenzhen\Documents\Visual Studio 2015\Projects\PackageProject_1\FeaturesSkel\Debug\fltk.pdb'; linking object as if no debug info
fltkd.lib(fl_symbols.obj) : warning LNK4099: PDB 'fltk.pdb' was not found with 'fltkd.lib(fl_symbols.obj)' or at 'C:\Users\wenzhen\Documents\Visual Studio 2015\Projects\PackageProject_1\FeaturesSkel\Debug\fltk.pdb'; linking object as if no debug info
fltkd.lib(fl_vertex.obj) : warning LNK4099: PDB 'fltk.pdb' was not found with 'fltkd.lib(fl_vertex.obj)' or at 'C:\Users\wenzhen\Documents\Visual Studio 2015\Projects\PackageProject_1\FeaturesSkel\Debug\fltk.pdb'; linking object as if no debug info
fltkd.lib(screen_xywh.obj) : warning LNK4099: PDB 'fltk.pdb' was not found with 'fltkd.lib(screen_xywh.obj)' or at 'C:\Users\wenzhen\Documents\Visual Studio 2015\Projects\PackageProject_1\FeaturesSkel\Debug\fltk.pdb'; linking object as if no debug info
fltkd.lib(fl_utf8.obj) : warning LNK4099: PDB 'fltk.pdb' was not found with 'fltkd.lib(fl_utf8.obj)' or at 'C:\Users\wenzhen\Documents\Visual Studio 2015\Projects\PackageProject_1\FeaturesSkel\Debug\fltk.pdb'; linking object as if no debug info
fltkd.lib(flstring.obj) : warning LNK4099: PDB 'fltk.pdb' was not found with 'fltkd.lib(flstring.obj)' or at 'C:\Users\wenzhen\Documents\Visual Studio 2015\Projects\PackageProject_1\FeaturesSkel\Debug\fltk.pdb'; linking object as if no debug info
fltkd.lib(scandir.obj) : warning LNK4099: PDB 'fltk.pdb' was not found with 'fltkd.lib(scandir.obj)' or at 'C:\Users\wenzhen\Documents\Visual Studio 2015\Projects\PackageProject_1\FeaturesSkel\Debug\fltk.pdb'; linking object as if no debug info
fltkd.lib(numericsort.obj) : warning LNK4099: PDB 'fltk.pdb' was not found with 'fltkd.lib(numericsort.obj)' or at 'C:\Users\wenzhen\Documents\Visual Studio 2015\Projects\PackageProject_1\FeaturesSkel\Debug\fltk.pdb'; linking object as if no debug info
fltkd.lib(vsnprintf.obj) : warning LNK4099: PDB 'fltk.pdb' was not found with 'fltkd.lib(vsnprintf.obj)' or at 'C:\Users\wenzhen\Documents\Visual Studio 2015\Projects\PackageProject_1\FeaturesSkel\Debug\fltk.pdb'; linking object as if no debug info
fltkd.lib(is_spacing.obj) : warning LNK4099: PDB 'fltk.pdb' was not found with 'fltkd.lib(is_spacing.obj)' or at 'C:\Users\wenzhen\Documents\Visual Studio 2015\Projects\PackageProject_1\FeaturesSkel\Debug\fltk.pdb'; linking object as if no debug info
fltkd.lib(case.obj) : warning LNK4099: PDB 'fltk.pdb' was not found with 'fltkd.lib(case.obj)' or at 'C:\Users\wenzhen\Documents\Visual Studio 2015\Projects\PackageProject_1\FeaturesSkel\Debug\fltk.pdb'; linking object as if no debug info
fltkd.lib(fl_utf.obj) : warning LNK4099: PDB 'fltk.pdb' was not found with 'fltkd.lib(fl_utf.obj)' or at 'C:\Users\wenzhen\Documents\Visual Studio 2015\Projects\PackageProject_1\FeaturesSkel\Debug\fltk.pdb'; linking object as if no debug info
  cse576.vcxproj -> C:\Users\wenzhen\Documents\Visual Studio 2015\Projects\PackageProject_1\FeaturesSkel\Debug\Features.exe
  cse576.vcxproj -> C:\Users\wenzhen\Documents\Visual Studio 2015\Projects\PackageProject_1\FeaturesSkel\Debug\Features.pdb (Full PDB)
