ImageLib.lib(FileIO.obj) : warning LNK4075: ignoring '/EDITANDCONTINUE' due to '/SAFESEH' specification
LINK : warning LNK4098: defaultlib 'MSVCRT' conflicts with use of other libs; use /NODEFAULTLIB:library
fltkjpeg.lib(jerror.obj) : warning LNK4049: locally defined symbol _sprintf imported
fltk.lib(Fl_File_Chooser2.obj) : warning LNK4217: locally defined symbol _sprintf imported in function "private: void __thiscall Fl_File_Chooser::update_preview(void)" (?update_preview@Fl_File_Chooser@@AAEXXZ)
fltk.lib(Fl_Pixmap.obj) : warning LNK4049: locally defined symbol _sprintf imported
fltk.lib(Fl_File_Browser.obj) : warning LNK4217: locally defined symbol _sprintf imported in function "public: int __thiscall Fl_File_Browser::load(char const *,int (__cdecl*)(struct dirent * *,struct dirent * *))" (?load@Fl_File_Browser@@QAEHPBDP6AHPAPAUdirent@@1@Z@Z)
fltkimages.lib(Fl_GIF_Image.obj) : warning LNK4049: locally defined symbol _sprintf imported
fltk.lib(Fl_Group.obj) : warning LNK4217: locally defined symbol _sprintf imported in function "private: void __thiscall Fl_Spinner::update(void)" (?update@Fl_Spinner@@AAEXXZ)
fltk.lib(Fl_Preferences.obj) : warning LNK4049: locally defined symbol _sprintf imported
fltk.lib(Fl_get_system_colors.obj) : warning LNK4049: locally defined symbol _sprintf imported
fltk.lib(vsnprintf.obj) : warning LNK4049: locally defined symbol _sprintf imported
fltk.lib(Fl_Pixmap.obj) : error LNK2001: unresolved external symbol __imp__sscanf
fltkjpeg.lib(jmemmgr.obj) : error LNK2001: unresolved external symbol __imp__sscanf
fltk.lib(fl_draw_pixmap.obj) : error LNK2001: unresolved external symbol __imp__sscanf
fltk.lib(Fl_get_system_colors.obj) : error LNK2001: unresolved external symbol __imp__sscanf
fltk.lib(Fl_XBM_Image.obj) : error LNK2001: unresolved external symbol __imp__sscanf
fltk.lib(Fl_XPM_Image.obj) : error LNK2001: unresolved external symbol __imp__sscanf
fltk.lib(Fl_Preferences.obj) : error LNK2019: unresolved external symbol __imp__fprintf referenced in function "public: int __thiscall Fl_Preferences::Node::write(struct _iobuf *)" (?write@Node@Fl_Preferences@@QAEHPAU_iobuf@@@Z)
fltkjpeg.lib(jerror.obj) : error LNK2001: unresolved external symbol __imp__fprintf
fltkpng.lib(pngerror.obj) : error LNK2001: unresolved external symbol __imp__fprintf
fltk.lib(fl_utf8.obj) : error LNK2019: unresolved external symbol "__declspec(dllimport) int __cdecl _wopen(wchar_t const *,int,int)" (__imp_?_wopen@@YAHPB_WHH@Z) referenced in function _fl_open
fltkimages.lib(Fl_PNM_Image.obj) : error LNK2019: unresolved external symbol __imp__fscanf referenced in function "public: __thiscall Fl_PNM_Image::Fl_PNM_Image(char const *)" (??0Fl_PNM_Image@@QAE@PBD@Z)
fltkjpeg.lib(jerror.obj) : error LNK2019: unresolved external symbol __imp____iob_func referenced in function _output_message
fltkpng.lib(pngerror.obj) : error LNK2001: unresolved external symbol __imp____iob_func
C:\Users\wenzhen\Documents\GitHub\VesselSegmentation\VesselSegmentation\SegmentationSkel\fastDebug\Segmentation.exe : fatal error LNK1120: 5 unresolved externals
